<?xml version="1.0" encoding="UTF-8"?>
<testsuite xmlns:xsi="http://www.w3.org/2001/XMLSchema-instance" xsi:noNamespaceSchemaLocation="https://maven.apache.org/surefire/maven-surefire-plugin/xsd/surefire-test-report.xsd" name="com.bcauction.application.DigitalWorkServiceTest" time="4.652" tests="5" errors="1" skipped="0" failures="2">
  <properties>
[...]
</properties>
  <testcase name="test삭제" classname="com.bcauction.application.DigitalWorkServiceTest" time="0.133">
    <error type="java.lang.NullPointerException">java.lang.NullPointerException
	at com.bcauction.application.DigitalWorkServiceTest.test삭제(DigitalWorkServiceTest.java:73)
</error>
    <system-out><![CDATA[13:11:29  INFO [org.springframework.boot.test.context.SpringBootTestContextBootstrapper] Neither @ContextConfiguration nor @ContextHierarchy found for test class [com.bcauction.application.DigitalWorkServiceTest], using SpringBootContextLoader
13:11:29  INFO [org.springframework.test.context.support.AbstractContextLoader] Could not detect default resource locations for test class [com.bcauction.application.DigitalWorkServiceTest]: no resource found for suffixes {-context.xml, Context.groovy}.
13:11:29  INFO [org.springframework.boot.test.context.SpringBootTestContextBootstrapper] Loaded default TestExecutionListener class names from location [META-INF/spring.factories]: [org.springframework.boot.test.mock.mockito.MockitoTestExecutionListener, org.springframework.boot.test.mock.mockito.ResetMocksTestExecutionListener, org.springframework.boot.test.autoconfigure.restdocs.RestDocsTestExecutionListener, org.springframework.boot.test.autoconfigure.web.client.MockRestServiceServerResetTestExecutionListener, org.springframework.boot.test.autoconfigure.web.servlet.MockMvcPrintOnlyOnFailureTestExecutionListener, org.springframework.boot.test.autoconfigure.web.servlet.WebDriverTestExecutionListener, org.springframework.test.context.web.ServletTestExecutionListener, org.springframework.test.context.support.DirtiesContextBeforeModesTestExecutionListener, org.springframework.test.context.support.DependencyInjectionTestExecutionListener, org.springframework.test.context.support.DirtiesContextTestExecutionListener, org.springframework.test.context.transaction.TransactionalTestExecutionListener, org.springframework.test.context.jdbc.SqlScriptsTestExecutionListener]
13:11:29  INFO [org.springframework.boot.test.context.SpringBootTestContextBootstrapper] Using TestExecutionListeners: [org.springframework.test.context.web.ServletTestExecutionListener@631c6d11, org.springframework.test.context.support.DirtiesContextBeforeModesTestExecutionListener@65be88ae, org.springframework.boot.test.mock.mockito.MockitoTestExecutionListener@62ade015, org.springframework.boot.test.autoconfigure.SpringBootDependencyInjectionTestExecutionListener@70ede57d, org.springframework.test.context.support.DirtiesContextTestExecutionListener@70997a94, org.springframework.test.context.transaction.TransactionalTestExecutionListener@61f377d1, org.springframework.test.context.jdbc.SqlScriptsTestExecutionListener@6c538eb2, org.springframework.boot.test.mock.mockito.ResetMocksTestExecutionListener@738a5848, org.springframework.boot.test.autoconfigure.restdocs.RestDocsTestExecutionListener@487cd177, org.springframework.boot.test.autoconfigure.web.client.MockRestServiceServerResetTestExecutionListener@324b6a56, org.springframework.boot.test.autoconfigure.web.servlet.MockMvcPrintOnlyOnFailureTestExecutionListener@421d54b3, org.springframework.boot.test.autoconfigure.web.servlet.WebDriverTestExecutionListener@63f40ca0]
13:11:29  INFO [org.springframework.test.context.transaction.TransactionContext] Began transaction (1) for test context [DefaultTestContext@6fa02932 testClass = DigitalWorkServiceTest, testInstance = com.bcauction.application.DigitalWorkServiceTest@61608e1a, testMethod = test삭제@DigitalWorkServiceTest, testException = [null], mergedContextConfiguration = [WebMergedContextConfiguration@7c46c9c3 testClass = DigitalWorkServiceTest, locations = '{}', classes = '{class com.bcauction.Application, class com.bcauction.Application}', contextInitializerClasses = '[]', activeProfiles = '{}', propertySourceLocations = '{}', propertySourceProperties = '{org.springframework.boot.test.context.SpringBootTestContextBootstrapper=true}', contextCustomizers = set[org.springframework.boot.test.context.filter.ExcludeFilterContextCustomizer@7a36aefa, org.springframework.boot.test.json.DuplicateJsonObjectContextCustomizerFactory$DuplicateJsonObjectContextCustomizer@5fdba6f9, org.springframework.boot.test.mock.mockito.MockitoContextCustomizer@0, org.springframework.boot.test.web.client.TestRestTemplateContextCustomizer@7dc222ae, org.springframework.boot.test.autoconfigure.properties.PropertyMappingContextCustomizer@0, org.springframework.boot.test.autoconfigure.web.servlet.WebDriverContextCustomizerFactory$Customizer@133e16fd], resourceBasePath = 'src/main/webapp', contextLoader = 'org.springframework.boot.test.context.SpringBootContextLoader', parent = [null]], attributes = map['org.springframework.test.context.web.ServletTestExecutionListener.activateListener' -> true, 'org.springframework.test.context.web.ServletTestExecutionListener.populatedRequestContextHolder' -> true, 'org.springframework.test.context.web.ServletTestExecutionListener.resetRequestContextHolder' -> true]]; transaction manager [org.springframework.jdbc.datasource.DataSourceTransactionManager@7197b07f]; rollback [true]
13:11:29  INFO [org.springframework.test.context.transaction.TransactionContext] Rolled back transaction for test: [DefaultTestContext@6fa02932 testClass = DigitalWorkServiceTest, testInstance = com.bcauction.application.DigitalWorkServiceTest@61608e1a, testMethod = test삭제@DigitalWorkServiceTest, testException = java.lang.NullPointerException, mergedContextConfiguration = [WebMergedContextConfiguration@7c46c9c3 testClass = DigitalWorkServiceTest, locations = '{}', classes = '{class com.bcauction.Application, class com.bcauction.Application}', contextInitializerClasses = '[]', activeProfiles = '{}', propertySourceLocations = '{}', propertySourceProperties = '{org.springframework.boot.test.context.SpringBootTestContextBootstrapper=true}', contextCustomizers = set[org.springframework.boot.test.context.filter.ExcludeFilterContextCustomizer@7a36aefa, org.springframework.boot.test.json.DuplicateJsonObjectContextCustomizerFactory$DuplicateJsonObjectContextCustomizer@5fdba6f9, org.springframework.boot.test.mock.mockito.MockitoContextCustomizer@0, org.springframework.boot.test.web.client.TestRestTemplateContextCustomizer@7dc222ae, org.springframework.boot.test.autoconfigure.properties.PropertyMappingContextCustomizer@0, org.springframework.boot.test.autoconfigure.web.servlet.WebDriverContextCustomizerFactory$Customizer@133e16fd], resourceBasePath = 'src/main/webapp', contextLoader = 'org.springframework.boot.test.context.SpringBootContextLoader', parent = [null]], attributes = map['org.springframework.test.context.web.ServletTestExecutionListener.activateListener' -> true, 'org.springframework.test.context.web.ServletTestExecutionListener.populatedRequestContextHolder' -> true, 'org.springframework.test.context.web.ServletTestExecutionListener.resetRequestContextHolder' -> true]]
]]></system-out>
  </testcase>
  <testcase name="test수정" classname="com.bcauction.application.DigitalWorkServiceTest" time="0.08"/>
  <testcase name="test조회" classname="com.bcauction.application.DigitalWorkServiceTest" time="0.02">
    <failure type="java.lang.AssertionError">java.lang.AssertionError
	at com.bcauction.application.DigitalWorkServiceTest.test조회(DigitalWorkServiceTest.java:49)
</failure>
  </testcase>
  <testcase name="test목록조회" classname="com.bcauction.application.DigitalWorkServiceTest" time="0.012"/>
  <testcase name="test작품등록" classname="com.bcauction.application.DigitalWorkServiceTest" time="4.406">
    <failure type="java.lang.AssertionError">java.lang.AssertionError
	at com.bcauction.application.DigitalWorkServiceTest.test작품등록(DigitalWorkServiceTest.java:33)
</failure>
    <system-out><![CDATA[13:11:29  INFO [org.springframework.test.context.transaction.TransactionContext] Began transaction (1) for test context [DefaultTestContext@6fa02932 testClass = DigitalWorkServiceTest, testInstance = com.bcauction.application.DigitalWorkServiceTest@a1691c0, testMethod = test작품등록@DigitalWorkServiceTest, testException = [null], mergedContextConfiguration = [WebMergedContextConfiguration@7c46c9c3 testClass = DigitalWorkServiceTest, locations = '{}', classes = '{class com.bcauction.Application, class com.bcauction.Application}', contextInitializerClasses = '[]', activeProfiles = '{}', propertySourceLocations = '{}', propertySourceProperties = '{org.springframework.boot.test.context.SpringBootTestContextBootstrapper=true}', contextCustomizers = set[org.springframework.boot.test.context.filter.ExcludeFilterContextCustomizer@7a36aefa, org.springframework.boot.test.json.DuplicateJsonObjectContextCustomizerFactory$DuplicateJsonObjectContextCustomizer@5fdba6f9, org.springframework.boot.test.mock.mockito.MockitoContextCustomizer@0, org.springframework.boot.test.web.client.TestRestTemplateContextCustomizer@7dc222ae, org.springframework.boot.test.autoconfigure.properties.PropertyMappingContextCustomizer@0, org.springframework.boot.test.autoconfigure.web.servlet.WebDriverContextCustomizerFactory$Customizer@133e16fd], resourceBasePath = 'src/main/webapp', contextLoader = 'org.springframework.boot.test.context.SpringBootContextLoader', parent = [null]], attributes = map['org.springframework.test.context.web.ServletTestExecutionListener.activateListener' -> true, 'org.springframework.test.context.web.ServletTestExecutionListener.populatedRequestContextHolder' -> true, 'org.springframework.test.context.web.ServletTestExecutionListener.resetRequestContextHolder' -> true]]; transaction manager [org.springframework.jdbc.datasource.DataSourceTransactionManager@7197b07f]; rollback [true]
13:11:29  WARN [org.hyperledger.fabric.sdk.helper.Config] Failed to load any configuration from: config.properties. Using toolkit defaults
13:11:29  INFO [com.bcauction.domain.CommonUtil] file| url=file:/C:/workspace/blockchain-sub3/haribo-backend/target/classes/fabric-ca.pem
13:11:29  INFO [com.bcauction.domain.CommonUtil] C:\workspace\blockchain-sub3\haribo-backend\target\classes\fabric-ca.pem
13:11:29  WARN [org.hyperledger.fabric_ca.sdk.helper.Config] Failed to load any configuration from: config.properties. Using toolkit defaults
13:11:31  INFO [org.hyperledger.fabric.sdk.Channel] Channel Channel{id: 1, name: auctionchannel001} eventThread started shutdown: false  thread: null 
{"assetID":"47","owner":"15","createdAt":"2019-09-26 04:11:32","expiredAt":"FALSE"}
13:11:33  INFO [com.bcauction.application.impl.FabricCCService] Work 47 by Owner 15: 2019-09-26 04:11:32 ~ FALSE
asset : FabricAsset [assetID=47, owner=15, createdAt=2019-09-26T04:11:32, expiredAt=null, formatter=Value(YearOfEra,4,19,EXCEEDS_PAD)'-'Value(MonthOfYear,2)'-'Value(DayOfMonth,2)' 'Value(HourOfDay,2)':'Value(MinuteOfHour,2)':'Value(SecondOfMinute,2)]
13:11:34  INFO [com.bcauction.infrastructure.repository.OwnershipRepository] 조회 (소유자id, 작품id) = (15, 47)
13:11:34  INFO [com.bcauction.infrastructure.repository.OwnershipRepository] true
13:11:34  INFO [org.springframework.test.context.transaction.TransactionContext] Rolled back transaction for test: [DefaultTestContext@6fa02932 testClass = DigitalWorkServiceTest, testInstance = com.bcauction.application.DigitalWorkServiceTest@a1691c0, testMethod = test작품등록@DigitalWorkServiceTest, testException = java.lang.AssertionError, mergedContextConfiguration = [WebMergedContextConfiguration@7c46c9c3 testClass = DigitalWorkServiceTest, locations = '{}', classes = '{class com.bcauction.Application, class com.bcauction.Application}', contextInitializerClasses = '[]', activeProfiles = '{}', propertySourceLocations = '{}', propertySourceProperties = '{org.springframework.boot.test.context.SpringBootTestContextBootstrapper=true}', contextCustomizers = set[org.springframework.boot.test.context.filter.ExcludeFilterContextCustomizer@7a36aefa, org.springframework.boot.test.json.DuplicateJsonObjectContextCustomizerFactory$DuplicateJsonObjectContextCustomizer@5fdba6f9, org.springframework.boot.test.mock.mockito.MockitoContextCustomizer@0, org.springframework.boot.test.web.client.TestRestTemplateContextCustomizer@7dc222ae, org.springframework.boot.test.autoconfigure.properties.PropertyMappingContextCustomizer@0, org.springframework.boot.test.autoconfigure.web.servlet.WebDriverContextCustomizerFactory$Customizer@133e16fd], resourceBasePath = 'src/main/webapp', contextLoader = 'org.springframework.boot.test.context.SpringBootContextLoader', parent = [null]], attributes = map['org.springframework.test.context.web.ServletTestExecutionListener.activateListener' -> true, 'org.springframework.test.context.web.ServletTestExecutionListener.populatedRequestContextHolder' -> true, 'org.springframework.test.context.web.ServletTestExecutionListener.resetRequestContextHolder' -> true]]
]]></system-out>
  </testcase>
</testsuite>